<?xml version="1.0" encoding="UTF-8"?>
<testng-results ignored="0" total="1" passed="1" failed="0" skipped="0">
  <reporter-output>
  </reporter-output>
  <suite started-at="2021-03-03T21:00:21 CLST" name="Default suite" finished-at="2021-03-03T21:00:43 CLST" duration-ms="22109">
    <groups>
    </groups>
    <test started-at="2021-03-03T21:00:21 CLST" name="Default test" finished-at="2021-03-03T21:00:43 CLST" duration-ms="22109">
      <class name="Tests.TestML">
        <test-method is-config="true" signature="beforeMethod()[pri:0, instance:Tests.TestML@61dd025]" started-at="2021-03-03T21:00:21 CLST" name="beforeMethod" finished-at="2021-03-03T21:00:25 CLST" duration-ms="3669" status="PASS">
          <reporter-output>
          </reporter-output>
        </test-method> <!-- beforeMethod -->
        <test-method signature="f()[pri:0, instance:Tests.TestML@61dd025]" started-at="2021-03-03T21:00:25 CLST" name="f" finished-at="2021-03-03T21:00:42 CLST" duration-ms="17301" status="PASS">
          <reporter-output>
          </reporter-output>
        </test-method> <!-- f -->
        <test-method is-config="true" signature="afterMethod()[pri:0, instance:Tests.TestML@61dd025]" started-at="2021-03-03T21:00:42 CLST" name="afterMethod" finished-at="2021-03-03T21:00:43 CLST" duration-ms="1095" status="PASS">
          <reporter-output>
          </reporter-output>
        </test-method> <!-- afterMethod -->
      </class> <!-- Tests.TestML -->
    </test> <!-- Default test -->
  </suite> <!-- Default suite -->
</testng-results>
